<?xml version="1.0" encoding="UTF-8"?>
<!-- Generated by org.testng.reporters.JUnitXMLReporter -->
<testsuite ignored="0" hostname="LAPTOP-UCEAIENJ" failures="0" tests="7" name="Surefire test" time="239.445" errors="0" timestamp="06 Jul 2023 15:34:17 GMT">
  <testcase classname="TestCasesNew.TC_01_Test" name="newOrganizationCreation" time="17.964"/>
  <testcase classname="TestCasesNew.TC_02_Test" name="newOrganizationCreationwithIndustryAndType" time="15.977"/>
  <testcase classname="TestCasesNew.TC_03_Test" name="newContactCreation" time="14.59"/>
  <testcase classname="TestCasesNew.TC_04_Test" name="newContactCreationWithExistingOrganization" time="19.946"/>
  <testcase classname="TestCasesNew.TC_05_Test" name="newLeadCreation" time="13.962"/>
  <testcase classname="TestCasesNew.TC_06_Test" name="newLeadCreationAndDuplicationAndDeletion" time="53.838"/>
  <testcase classname="TestCasesNew.TC_07_Test" name="ceateEvenetTestcase" time="17.714"/>
</testsuite> <!-- Surefire test -->
