<?xml version="1.0" encoding="UTF-8"?>
<!-- Generated by org.testng.reporters.JUnitXMLReporter -->
<testsuite ignored="0" hostname="LAPTOP-UCEAIENJ" failures="0" tests="7" name="Test" time="220.467" errors="0" timestamp="2023-07-05T10:14:19 IST">
  <testcase classname="TestCasesNew.TC_05_Test" name="newLeadCreation" time="18.534"/>
  <testcase classname="TestCasesNew.TC_04_Test" name="newContactCreationWithExistingOrganization" time="17.29"/>
  <testcase classname="TestCasesNew.TC_01_Test" name="newOrganizationCreation" time="14.348"/>
  <testcase classname="TestCasesNew.TC_03_Test" name="newContactCreation" time="12.128"/>
  <testcase classname="TestCasesNew.TC_07_Test" name="ceateEvenetTestcase" time="10.805"/>
  <testcase classname="TestCasesNew.TC_06_Test" name="newLeadCreationAndDuplicationAndDeletion" time="46.527"/>
  <testcase classname="TestCasesNew.TC_02_Test" name="newOrganizationCreationwithIndustryAndType" time="11.299"/>
</testsuite> <!-- Test -->
